<?xml version="1.0" encoding="UTF-8"?>
<!-- Generated by org.testng.reporters.JUnitXMLReporter -->
<testsuite ignored="0" hostname="DESKTOP-103VM7T" failures="0" tests="5" name="Test" time="5.809" errors="0" timestamp="2022-03-22T13:54:57 EDT">
  <testcase classname="testCases.TC_VideoGameAPI" name="test_GetAllVideoGames" time="2.742"/>
  <testcase classname="testCases.TC_VideoGameAPI" name="test_AddNewVideoGame" time="1.672"/>
  <testcase classname="testCases.TC_VideoGameAPI" name="test_getVideoGame" time="1.079"/>
  <testcase classname="testCases.TC_VideoGameAPI" name="test_updateVideoGame" time="0.141"/>
  <testcase classname="testCases.TC_VideoGameAPI" name="test_deleteVideoGame" time="0.051"/>
</testsuite> <!-- Test -->
