<?xml version="1.0" encoding="UTF-8"?>
<!-- Generated by org.testng.reporters.JUnitXMLReporter -->
<testsuite ignored="0" hostname="DESKTOP-103VM7T" failures="0" tests="5" name="Test" time="9.008" errors="0" timestamp="2022-03-22T14:52:25 EDT">
  <testcase classname="testCases.TC_VideoGameAPI" name="test_GetAllVideoGames" time="3.269"/>
  <testcase classname="testCases.TC_VideoGameAPI" name="test_AddNewVideoGame" time="0.81"/>
  <testcase classname="testCases.TC_VideoGameAPI" name="test_getVideoGame" time="1.558"/>
  <testcase classname="testCases.TC_VideoGameAPI" name="test_updateVideoGame" time="0.198"/>
  <testcase classname="testCases.TC_VideoGameAPI" name="test_deleteVideoGame" time="3.079"/>
</testsuite> <!-- Test -->
