<?xml version="1.0" encoding="UTF-8"?>
<testsuite xmlns:xsi="http://www.w3.org/2001/XMLSchema-instance" xsi:noNamespaceSchemaLocation="https://maven.apache.org/surefire/maven-surefire-plugin/xsd/surefire-test-report-3.0.xsd" version="3.0" name="TestSuite" time="9.946" tests="5" errors="0" skipped="0" failures="0">
  <properties>
[...]
</properties>
  <testcase name="test_GetAllVideoGames" classname="testCases.TC_VideoGameAPI" time="3.273">
    <system-err><![CDATA[SLF4J: Failed to load class "org.slf4j.impl.StaticLoggerBinder".
SLF4J: Defaulting to no-operation (NOP) logger implementation
SLF4J: See http://www.slf4j.org/codes.html#StaticLoggerBinder for further details.
]]></system-err>
  </testcase>
  <testcase name="test_AddNewVideoGame" classname="testCases.TC_VideoGameAPI" time="0.809">
    <system-out><![CDATA[{"status": "Record Added Successfully"}
]]></system-out>
    <system-err><![CDATA[[Fatal Error] :1:1: Content is not allowed in prolog.
]]></system-err>
  </testcase>
  <testcase name="test_getVideoGame" classname="testCases.TC_VideoGameAPI" time="1.686">
    <system-out><![CDATA[<videoGame category="Adventure" rating="Universal">
  <id>100</id>
  <name>Spider-Man</name>
  <releaseDate>2022-03-19T00:00:00-04:00</releaseDate>
  <reviewScore>5</reviewScore>
</videoGame>
]]></system-out>
  </testcase>
  <testcase name="test_updateVideoGame" classname="testCases.TC_VideoGameAPI" time="0.098">
    <system-out><![CDATA[<videoGame category="Adventure" rating="Universal">
  <id>100</id>
  <name>Pacman</name>
  <releaseDate>2022-03-19T00:00:00-04:00</releaseDate>
  <reviewScore>4</reviewScore>
</videoGame>
]]></system-out>
  </testcase>
  <testcase name="test_deleteVideoGame" classname="testCases.TC_VideoGameAPI" time="3.064">
    <system-out><![CDATA[{"status": "Record Deleted Successfully"}
]]></system-out>
    <system-err><![CDATA[[Fatal Error] :1:1: Content is not allowed in prolog.
]]></system-err>
  </testcase>
</testsuite>